0 info it worked if it ends with ok
1 verbose cli [ '/usr/local/bin/node', '/usr/local/bin/npm', 'start' ]
2 info using npm@2.15.5
3 info using node@v4.4.5
4 warn invalid config proxy="http:"
5 warn invalid config Must be a full url with 'http://'
6 verbose config Skipping project config: /Users/kaya/.npmrc. (matches userconfig)
7 verbose stack Error: ENOENT: no such file or directory, open '/Users/kaya/package.json'
7 verbose stack     at Error (native)
8 verbose cwd /Users/kaya/WebstormProjects/Amazon
9 error Darwin 13.4.0
10 error argv "/usr/local/bin/node" "/usr/local/bin/npm" "start"
11 error node v4.4.5
12 error npm  v2.15.5
13 error path /Users/kaya/package.json
14 error code ENOENT
15 error errno -2
16 error syscall open
17 error enoent ENOENT: no such file or directory, open '/Users/kaya/package.json'
17 error enoent This is most likely not a problem with npm itself
17 error enoent and is related to npm not being able to find a file.
18 verbose exit [ -2, true ]
